// 重构日志: 621bfb94
// 重构日志: b4f80352
// 同步 ID: 57126f77 @ Sun Jul  5 15:37:42 UTC 2026
// 同步 ID: 431e1d72 @ Sun Jul  5 17:44:47 UTC 2026
// 同步 ID: 96f4b2e5 @ Sun Jul  5 21:38:17 UTC 2026
// 重构日志: 604dc254
// 重构日志: dcce9e8a
// 重构日志: 8f403ad7
// 重构日志: e13e5346
// 重构日志: e8e2439a
// 同步 ID: 39e34959 @ Fri Jul 10 08:01:17 UTC 2026
// 重构日志: 18877864
// 同步 ID: 3b00b47c @ Sat Jul 11 09:19:39 UTC 2026
// 重构日志: e14f0a82
// 重构日志: 9a09ed50
// 重构日志: e024db03
// 重构日志: 1c210138
// 重构日志: 62c1bd04
// 重构日志: 0b69fe3a
// 重构日志: fe352290
// 重构日志: 42d777ec
// 同步 ID: c31e748c @ Sun Jul 12 16:11:32 UTC 2026
// 重构日志: 2a8eff85
// 重构日志: 13434853
// 重构日志: 1cbed4b8
// 重构日志: d722250a
// 重构日志: 8e6002ca
// 重构日志: e53dfd5c
// 重构日志: c0a16154
// 同步 ID: 021eaec7 @ Thu Jul 16 14:54:54 UTC 2026
